  Assembling LR3.asm...
LR3.asm(1): error A2008: syntax error : .
LR3.asm(2): error A2008: syntax error : .
LR3.asm(5): error A2008: syntax error : .
LR3.asm(15): error A2008: syntax error : rects
LR3.asm(23): error A2037: statement not allowed inside structure definition
LR3.asm(24): error A2037: statement not allowed inside structure definition
LR3.asm(26): error A2037: statement not allowed inside structure definition
LR3.asm(27): error A2037: statement not allowed inside structure definition
LR3.asm(29): error A2037: statement not allowed inside structure definition
LR3.asm(30): error A2037: statement not allowed inside structure definition
LR3.asm(31): error A2037: statement not allowed inside structure definition
LR3.asm(32): error A2037: statement not allowed inside structure definition
LR3.asm(34): error A2037: statement not allowed inside structure definition
LR3.asm(35): error A2037: statement not allowed inside structure definition
LR3.asm(36): error A2037: statement not allowed inside structure definition
LR3.asm(38): error A2037: statement not allowed inside structure definition
LR3.asm(40): error A2037: statement not allowed inside structure definition
LR3.asm(41): error A2037: statement not allowed inside structure definition
LR3.asm(42): error A2037: statement not allowed inside structure definition
LR3.asm(43): error A2037: statement not allowed inside structure definition
LR3.asm(45): error A2037: statement not allowed inside structure definition
LR3.asm(47): error A2037: statement not allowed inside structure definition
LR3.asm(48): error A2037: statement not allowed inside structure definition
LR3.asm(49): error A2037: statement not allowed inside structure definition
LR3.asm(50): error A2037: statement not allowed inside structure definition
LR3.asm(52): error A2037: statement not allowed inside structure definition
LR3.asm(54): error A2037: statement not allowed inside structure definition
LR3.asm(55): error A2037: statement not allowed inside structure definition
LR3.asm(57): error A2037: statement not allowed inside structure definition
LR3.asm(58): error A2037: statement not allowed inside structure definition
LR3.asm(60): error A2037: statement not allowed inside structure definition
LR3.asm(61): error A2037: statement not allowed inside structure definition
LR3.asm(63): error A2037: statement not allowed inside structure definition
LR3.asm(64): error A2037: statement not allowed inside structure definition
LR3.asm(66): error A2037: statement not allowed inside structure definition
LR3.asm(67): error A2037: statement not allowed inside structure definition
LR3.asm(69): error A2037: statement not allowed inside structure definition
LR3.asm(70): error A2037: statement not allowed inside structure definition
LR3.asm(72): error A2037: statement not allowed inside structure definition
LR3.asm(73): error A2037: statement not allowed inside structure definition
LR3.asm(75): error A2037: statement not allowed inside structure definition
LR3.asm(76): error A2037: statement not allowed inside structure definition
LR3.asm(78): error A2037: statement not allowed inside structure definition
LR3.asm(79): error A2037: statement not allowed inside structure definition
LR3.asm(81): error A2037: statement not allowed inside structure definition
LR3.asm(82): error A2037: statement not allowed inside structure definition
LR3.asm(84): error A2037: statement not allowed inside structure definition
LR3.asm(85): error A2037: statement not allowed inside structure definition
LR3.asm(87): error A2037: statement not allowed inside structure definition
LR3.asm(88): error A2037: statement not allowed inside structure definition
LR3.asm(89): error A2037: statement not allowed inside structure definition
LR3.asm(91): error A2037: statement not allowed inside structure definition
LR3.asm(92): error A2037: statement not allowed inside structure definition
LR3.asm(94): error A2008: syntax error : main
LR3.asm(94): error A2088: END directive required at end of file
LR3.asm(94): fatal error A1010: unmatched block nesting
D:\Visual Studio\MSBuild\Microsoft\VC\v170\BuildCustomizations\masm.targets(70,5): error MSB3721: выход из команды "ml64.exe /c /nologo /Zi /Fo"LR3\x64\Debug\LR3.obj" /W3 /errorReport:prompt  /TaLR3.asm" с кодом "1".
