

HI-TECH Software 8051 Macro Assembler V9.60                                Page 1
                                                       Sun Mar 08 11:44:41 2026

     1                           	psect	idata,class=DATA,space=1,limit=080h
     2                           	psect	irdata,class=DATA,limit=080h
     3                           	global	_delay
     4                           	signat	_delay,88
     5                           	global	stack_internal
     6                           	psect	text,class=CODE
     7                           	psect	text
     8                           	file	"C:\Users\user\DOCUME~1\NATION~1\CIRCUI~2.
                                 0\MCUWOR~1\pc3\project1\main.c"
     9                           	line	4
    10  00111                     _delay:
    11  00111  80 57              	j	f1411
    12  00113                     f1410:
    13                           ;main.c: 3: void delay()
    14                           
    15                           ;main.c: 4: {
    16                           
    17                           ;	var   _i assigned to ?a_delay+0
    18                           ;	var   _j assigned to ?a_delay+2
    19                           ;main.c: 5: unsigned int i,j;
    20                           
    21                           ;main.c: 6: for(i=0;i<4;i++)
    22                           
    23                           	line	6
    24  00113  E4                 	clr	a
    25  00114  F5 32              	mov	?a_delay+0,a
    26  00116  F5 33              	mov	?a_delay+0+1,a
    27  00118  E5 33              	mov	a,?a_delay+0+1
    28  0011A  24 FC              	add	a,#low -(4)
    29  0011C  E5 32              	mov	a,?a_delay+0
    30  0011E  34 FF              	addc	a,#high -(4)
    31  00120  50 02              	bnc	u11
    32  00122  80 02              	jmp	u10
    33  00124                     u11:
    34  00124  80 02              	jmp	l3
    35  00126                     u10:
    36  00126  80 41              	jmp	l4
    37                           	line	7
    38  00128                     l3:
    39                           ;main.c: 7: for(j=0;j<2;j++);
    40                           
    41  00128  E4                 	clr	a
    42  00129  F5 34              	mov	?a_delay+2,a
    43  0012B  F5 35              	mov	?a_delay+2+1,a
    44  0012D  E5 35              	mov	a,?a_delay+2+1
    45  0012F  24 FE              	add	a,#low -(2)
    46  00131  E5 34              	mov	a,?a_delay+2
    47  00133  34 FF              	addc	a,#high -(2)
    48  00135  50 02              	bnc	u21
    49  00137  80 02              	jmp	u20
    50  00139                     u21:
    51  00139  80 02              	jmp	l6
    52  0013B                     u20:
    53  0013B  80 16              	jmp	l7
    54  0013D                     l6:
    55  0013D  05 35              	inc	?a_delay+2+1
    56  0013F  E5 35              	mov	a,?a_delay+2+1
    57  00141  70 02              	jnz	u30
    58  00143  05 34              	inc	?a_delay+2
    59  00145                     u30:
    60  00145  E5 35              	mov	a,?a_delay+2+1
    61  00147  24 FE              	add	a,#low -(2)
    62  00149  E5 34              	mov	a,?a_delay+2
    63  0014B  34 FF              	addc	a,#high -(2)
    64  0014D  50 02              	bnc	u41
    65  0014F  80 02              	jmp	u40
    66  00151                     u41:
    67  00151  80 EA              	jmp	l6
    68  00153                     u40:
    69  00153                     l7:
    70                           	line	6
    71  00153  05 33              	inc	?a_delay+0+1
    72  00155  E5 33              	mov	a,?a_delay+0+1
    73  00157  70 02              	jnz	u50
    74  00159  05 32              	inc	?a_delay+0
    75  0015B                     u50:
    76  0015B  E5 33              	mov	a,?a_delay+0+1
    77  0015D  24 FC              	add	a,#low -(4)
    78  0015F  E5 32              	mov	a,?a_delay+0
    79  00161  34 FF              	addc	a,#high -(4)
    80  00163  50 02              	bnc	u61
    81  00165  80 02              	jmp	u60
    82  00167                     u61:
    83  00167  80 BF              	jmp	l3
    84  00169                     u60:
    85  00169                     l4:
    86                           ;main.c: 8: }
    87                           
    88                           	line	8
    89  00169                     l2:
    90  00169  22                 	ret
    91  0016A                     f1411:
    92  0016A  80 A7              	j	f1410
    93                           	FNSIZE	_delay,4,0
    94                           	global	?a_delay
    95  0000                     f1412	equ	0
    96                           ;	param _cmd assigned to r5 on entry
    97                           	global	_lcd_cmd
    98                           	signat	_lcd_cmd,4216
    99                           	line	11
   100  0016C                     _lcd_cmd:
   101  0016C  80 09              	j	f1421
   102  0016E                     f1420:
   103                           ;main.c: 10: void lcd_cmd(unsigned char cmd)
   104                           
   105                           ;main.c: 11: {
   106                           
   107                           ;main.c: 12: P0 = cmd;
   108                           
   109                           	line	12
   110  0016E  8D 80              	mov	080h,r5
   111                           ;main.c: 13: P2 = 0x1;
   112                           
   113                           	line	13
   114  00170  75 A0 01           	mov	0A0h,#1
   115                           ;main.c: 14: P2 = 0x0;
   116                           
   117                           	line	14
   118  00173  75 A0 00           	mov	0A0h,#0
   119                           ;main.c: 15: }
   120                           
   121                           	line	15
   122  00176                     l9:
   123  00176  22                 	ret
   124  00177                     f1421:
   125  00177  80 F5              	j	f1420
   126  0000                     f1422	equ	0
   127                           ;	param _data assigned to r5 on entry
   128                           	global	_lcd_data
   129                           	signat	_lcd_data,4216
   130                           	line	18
   131  00179                     _lcd_data:
   132  00179  80 09              	j	f1431
   133  0017B                     f1430:
   134                           ;main.c: 17: void lcd_data(unsigned char data)
   135                           
   136                           ;main.c: 18: {
   137                           
   138                           ;main.c: 19: P0 = data;
   139                           
   140                           	line	19
   141  0017B  8D 80              	mov	080h,r5
   142                           ;main.c: 20: P2 = 0x3;
   143                           
   144                           	line	20
   145  0017D  75 A0 03           	mov	0A0h,#3
   146                           ;main.c: 21: P2 = 0x2;
   147                           
   148                           	line	21
   149  00180  75 A0 02           	mov	0A0h,#2
   150                           ;main.c: 22: }
   151                           
   152                           	line	22
   153  00183                     l10:
   154  00183  22                 	ret
   155  00184                     f1431:
   156  00184  80 F5              	j	f1430
   157  0000                     f1432	equ	0
   158                           ;	param _str assigned to r4/r5 on entry
   159                           	global	_lcd_print
   160                           	signat	_lcd_print,4216
   161                           	line	25
   162  00186                     _lcd_print:
   163  00186  80 26              	j	f1441
   164  00188                     f1440:
   165                           ;main.c: 24: void lcd_print(char *str)
   166                           
   167                           ;main.c: 25: {
   168                           
   169                           ;main.c: 26: while(*str)
   170                           
   171                           ;	var   _str assigned to ?a_lcd_print+0
   172                           ;_str stored from WR2
   173  00188  8C 32              	mov	?a_lcd_print+0,r4
   174  0018A  8D 33              	mov	?a_lcd_print+0+1,r5
   175                           	line	26
   176  0018C  80 14              	jmp	l12
   177  0018E                     l13:
   178                           ;main.c: 27: {
   179                           
   180                           ;main.c: 28: lcd_data(*str);
   181                           
   182                           	FNCALL	_lcd_print,_lcd_data
   183                           	line	28
   184  0018E  85 32  83          	mov	dph,?a_lcd_print+0
   185  00191  85 33  82          	mov	dpl,?a_lcd_print+0+1
   186                           	global	ldc_r5
   187  00194  12 004F            	call	ldc_r5
   188  00197  12 0179            	lcall	_lcd_data
   189                           
   190                           ;main.c: 29: str++;
   191                           
   192                           	line	29
   193  0019A  05 33              	inc	?a_lcd_print+0+1
   194  0019C  E5 33              	mov	a,?a_lcd_print+0+1
   195  0019E  70 02              	jnz	u70
   196  001A0  05 32              	inc	?a_lcd_print+0
   197  001A2                     u70:
   198                           	line	30
   199  001A2                     l12:
   200                           	line	26
   201  001A2  85 32  83          	mov	dph,?a_lcd_print+0
   202  001A5  85 33  82          	mov	dpl,?a_lcd_print+0+1
   203                           	global	ldc_byte
   204  001A8  12 0003            	call	ldc_byte
   205  001AB  70 E1              	bnz	l13
   206  001AD                     l14:
   207                           ;main.c: 30: }
   208                           
   209                           ;main.c: 31: }
   210                           
   211                           	line	31
   212  001AD                     l11:
   213  001AD  22                 	ret
   214  001AE                     f1441:
   215  001AE  80 D8              	j	f1440
   216                           	FNSIZE	_lcd_print,2,0
   217                           	global	?a_lcd_print
   218  0000                     f1442	equ	0
   219                           ;	param _pos assigned to r5 on entry
   220                           ;	param _len assigned to r3 on entry
   221                           	global	_erase_word
   222                           	signat	_erase_word,8312
   223                           	line	34
   224  001B0                     _erase_word:
   225  001B0  80 24              	j	f1451
   226  001B2                     f1450:
   227                           ;main.c: 33: void erase_word(unsigned char pos, 
                                 unsigned char len)
   228                           
   229                           ;main.c: 34: {
   230                           
   231                           ;	var   _i assigned to ?a_erase_word+0
   232                           ;main.c: 35: unsigned char i;
   233                           
   234                           ;main.c: 37: lcd_cmd(0xC0 + pos);
   235                           
   236                           	FNCALL	_erase_word,_lcd_cmd
   237                           ;	var   _pos assigned to ?a_erase_word+1
   238                           ;_pos stored from r5
   239                           	line	37
   240  001B2  8D 33              	mov	?a_erase_word+1,r5
   241  001B4  E5 33              	mov	a,?a_erase_word+1
   242  001B6  24 C0              	add	a,#-64
   243  001B8  FD                 	mov	r5,a
   244  001B9  12 016C            	lcall	_lcd_cmd
   245                           
   246                           ;main.c: 39: for(i=0;i<len;i++)
   247                           
   248                           	line	39
   249  001BC  75 32  00          	mov	?a_erase_word+0,#0
   250                           ;	var   _len assigned to ?a_erase_word+2
   251                           ;_len stored from r3
   252  001BF  8B 34              	mov	?a_erase_word+2,r3
   253  001C1  80 07              	jmp	l19
   254                           	line	40
   255  001C3                     l16:
   256                           ;main.c: 40: lcd_data(' ');
   257                           
   258                           	FNCALL	_erase_word,_lcd_data
   259  001C3  7D 20              	mov	r5,#32
   260  001C5  12 0179            	lcall	_lcd_data
   261                           
   262                           	line	39
   263  001C8  05 32              	inc	?a_erase_word+0
   264  001CA                     l19:
   265  001CA  E5 32              	mov	a,?a_erase_word+0
   266  001CC  C3                 	clr	c
   267  001CD  95 34              	subb	a,?a_erase_word+2
   268  001CF  40 02              	bc	u81
   269  001D1  80 02              	jmp	u80
   270  001D3                     u81:
   271  001D3  80 EE              	jmp	l16
   272  001D5                     u80:
   273  001D5                     l17:
   274                           ;main.c: 41: }
   275                           
   276                           	line	41
   277  001D5                     l15:
   278  001D5  22                 	ret
   279  001D6                     f1451:
   280  001D6  80 DA              	j	f1450
   281                           	FNSIZE	_erase_word,3,0
   282                           	global	?a_erase_word
   283  0000                     f1452	equ	0
   284                           	global	_main
   285                           	signat	_main,88
   286                           	line	44
   287  001D8                     _main:
   288  001D8  80 6B              	j	f1461
   289  001DA                     f1460:
   290                           ;main.c: 43: void main()
   291                           
   292                           ;main.c: 44: {
   293                           
   294                           ;	var   _pos assigned to ?a_main+0
   295                           	psect	data,class=CODE
   296                           	psect	data
   297  00100                     F170:
   298  00100  A6                 	db	(166)
   299  00101  AC                 	db	(172)
   300  00102  AA                 	db	(170)
   301  00103  A8                 	db	(168)
   302  00104  A0                 	db	(160)
   303  00105  A2                 	db	(162)
   304  00106  A6                 	db	(166)
   305  00107  B3                 	db	(179)
   306  00108  A0                 	db	(160)
   307  00109  00                 	db	(0)
   308                           ;	var   _str1 assigned to ?a_main+1
   309                           ;main.c: 45: unsigned char pos;
   310                           
   311                           ;main.c: 47: unsigned char str1[]={
   312                           
   313                           ;main.c: 48: 0xA6,0xAC,0xAA,0xA8,0xA0,0xA2,0xA6,
                                 0xB3,0xA0,0
   314                           
   315                           ;main.c: 49: };
   316                           
   317                           	psect	text
   318                           	line	49
   319  001DA  78 01              	mov	r0,#high (F170)
   320  001DC  79 00              	mov	r1,#low (F170)
   321  001DE  7A 00              	mov	r2,#high (?a_main+1)
   322  001E0  7B 21              	mov	r3,#low (?a_main+1)
   323  001E2  7D 0A              	mov	r5,#low 10
   324  001E4  7C 00              	mov	r4,#high 10
   325                           	global	str_copy
   326  001E6  12 008C            	lcall	str_copy
   327                           	psect	data
   328  0010A                     F174:
   329  0010A  B2                 	db	(178)
   330  0010B  BF                 	db	(191)
   331  0010C  A8                 	db	(168)
   332  0010D  A6                 	db	(166)
   333  0010E  A2                 	db	(162)
   334  0010F  A0                 	db	(160)
   335  00110  00                 	db	(0)
   336                           ;	var   _str2 assigned to ?a_main+11
   337                           ;main.c: 51: unsigned char str2[]={
   338                           
   339                           ;main.c: 52: 0xB2,0xBF,0xA8,0xA6,0xA2,0xA0,0
   340                           
   341                           ;main.c: 53: };
   342                           
   343                           	psect	text
   344                           	line	53
   345  001E9  78 01              	mov	r0,#high (F174)
   346  001EB  79 0A              	mov	r1,#low (F174)
   347  001ED  7A 00              	mov	r2,#high (?a_main+11)
   348  001EF  7B 2B              	mov	r3,#low (?a_main+11)
   349  001F1  7D 07              	mov	r5,#low 7
   350  001F3  7C 00              	mov	r4,#high 7
   351                           	global	str_copy
   352  001F5  12 008C            	lcall	str_copy
   353                           ;main.c: 55: lcd_cmd(0x38);
   354                           
   355                           	FNCALL	_main,_lcd_cmd
   356                           	line	55
   357  001F8  7D 38              	mov	r5,#56
   358  001FA  12 016C            	lcall	_lcd_cmd
   359                           
   360                           ;main.c: 56: lcd_cmd(0x0E);
   361                           
   362                           	line	56
   363  001FD  7D 0E              	mov	r5,#14
   364  001FF  12 016C            	lcall	_lcd_cmd
   365                           
   366                           ;main.c: 57: lcd_cmd(0x01);
   367                           
   368                           	line	57
   369  00202  7D 01              	mov	r5,#1
   370  00204  12 016C            	lcall	_lcd_cmd
   371                           
   372                           ;main.c: 60: lcd_cmd(0x80 + 7);
   373                           
   374                           	line	60
   375  00207  7D 87              	mov	r5,#135
   376  00209  12 016C            	lcall	_lcd_cmd
   377                           
   378                           ;main.c: 61: lcd_print(str1);
   379                           
   380                           	FNCALL	_main,_lcd_print
   381                           	line	61
   382  0020C  7C 00              	mov	r4,#high (?a_main+1)
   383  0020E  7D 21              	mov	r5,#low (?a_main+1)
   384  00210  12 0186            	lcall	_lcd_print
   385                           
   386                           ;main.c: 63: pos = 0;
   387                           
   388                           	line	63
   389  00213  75 20  00          	mov	?a_main+0,#0
   390                           ;main.c: 65: while(1)
   391                           
   392                           	line	65
   393  00216                     l24:
   394                           ;main.c: 66: {
   395                           
   396                           ;main.c: 67: lcd_cmd(0xC0 + pos);
   397                           
   398                           	line	67
   399  00216  E5 20              	mov	a,?a_main+0
   400  00218  24 C0              	add	a,#-64
   401  0021A  FD                 	mov	r5,a
   402  0021B  12 016C            	lcall	_lcd_cmd
   403                           
   404                           ;main.c: 68: lcd_print(str2);
   405                           
   406                           	line	68
   407  0021E  7C 00              	mov	r4,#high (?a_main+11)
   408  00220  7D 2B              	mov	r5,#low (?a_main+11)
   409  00222  12 0186            	lcall	_lcd_print
   410                           
   411                           ;main.c: 70: delay();
   412                           
   413                           	FNCALL	_main,_delay
   414                           	line	70
   415  00225  12 0111            	lcall	_delay
   416                           ;main.c: 72: erase_word(pos,6);
   417                           
   418                           	FNCALL	_main,_erase_word
   419                           	line	72
   420  00228  7B 06              	mov	r3,#6
   421  0022A  AD 20              	mov	r5,?a_main+0
   422  0022C  12 01B0            	lcall	_erase_word
   423                           
   424                           ;main.c: 74: pos += 2;
   425                           
   426                           	line	74
   427  0022F  74 02              	mov	a,#02h
   428  00231  25 20              	add	a,?a_main+0
   429  00233  F5 20              	mov	?a_main+0,a
   430                           ;main.c: 76: if(pos > 14)
   431                           
   432                           	line	76
   433  00235  E5 20              	mov	a,?a_main+0
   434  00237  24 F1              	add	a,#-0Fh
   435  00239  50 02              	bnc	u91
   436  0023B  80 02              	jmp	u90
   437  0023D                     u91:
   438  0023D  80 03              	jmp	l26
   439  0023F                     u90:
   440                           ;main.c: 77: pos = 0;
   441                           
   442                           	line	77
   443  0023F  75 20  00          	mov	?a_main+0,#0
   444  00242                     l26:
   445                           	line	78
   446  00242                     l23:
   447                           	line	65
   448  00242  80 D2              	jmp	l24
   449  00244                     l25:
   450                           ;main.c: 78: }
   451                           
   452                           ;main.c: 79: }
   453                           
   454                           	line	79
   455  00244                     l22:
   456  00244  22                 	ret
   457  00245                     f1461:
   458  00245  80 93              	j	f1460
   459                           	FNSIZE	_main,18,0
   460                           	global	?a_main
   461  0000                     f1462	equ	0
   462  0000                     _A10	equ	162
   463  0000                     _A11	equ	163
   464  0000                     _A12	equ	164
   465  0000                     _A13	equ	165
   466  0000                     _A14	equ	166
   467  0000                     _A15	equ	167
   468  0000                     _A8	equ	160
   469  0000                     _A9	equ	161
   470  0000                     _AC	equ	214
   471  0000                     _ACC0	equ	224
   472  0000                     _ACC1	equ	225
   473  0000                     _ACC2	equ	226
   474  0000                     _ACC3	equ	227
   475  0000                     _ACC4	equ	228
   476  0000                     _ACC5	equ	229
   477  0000                     _ACC6	equ	230
   478  0000                     _ACC7	equ	231
   479  0000                     _AD0	equ	128
   480  0000                     _AD1	equ	129
   481  0000                     _AD2	equ	130
   482  0000                     _AD3	equ	131
   483  0000                     _AD4	equ	132
   484  0000                     _AD5	equ	133
   485  0000                     _AD6	equ	134
   486  0000                     _AD7	equ	135
   487  0000                     _B0	equ	240
   488  0000                     _B1	equ	241
   489  0000                     _B2	equ	242
   490  0000                     _B3	equ	243
   491  0000                     _B4	equ	244
   492  0000                     _B5	equ	245
   493  0000                     _B6	equ	246
   494  0000                     _B7	equ	247
   495  0000                     _CY	equ	215
   496  0000                     _EA	equ	175
   497  0000                     _ES	equ	172
   498  0000                     _ET0	equ	169
   499  0000                     _ET1	equ	171
   500  0000                     _EX0	equ	168
   501  0000                     _EX1	equ	170
   502  0000                     _F0	equ	213
   503  0000                     _IE0	equ	137
   504  0000                     _IE1	equ	139
   505  0000                     _INT0	equ	178
   506  0000                     _INT1	equ	179
   507  0000                     _IT0	equ	136
   508  0000                     _IT1	equ	138
   509  0000                     _OV	equ	210
   510  0000                     _P	equ	208
   511  0000                     _P00	equ	128
   512  0000                     _P01	equ	129
   513  0000                     _P02	equ	130
   514  0000                     _P03	equ	131
   515  0000                     _P04	equ	132
   516  0000                     _P05	equ	133
   517  0000                     _P06	equ	134
   518  0000                     _P07	equ	135
   519  0000                     _P10	equ	144
   520  0000                     _P11	equ	145
   521  0000                     _P12	equ	146
   522  0000                     _P13	equ	147
   523  0000                     _P14	equ	148
   524  0000                     _P15	equ	149
   525  0000                     _P16	equ	150
   526  0000                     _P17	equ	151
   527  0000                     _P20	equ	160
   528  0000                     _P21	equ	161
   529  0000                     _P22	equ	162
   530  0000                     _P23	equ	163
   531  0000                     _P24	equ	164
   532  0000                     _P25	equ	165
   533  0000                     _P26	equ	166
   534  0000                     _P27	equ	167
   535  0000                     _P30	equ	176
   536  0000                     _P31	equ	177
   537  0000                     _P32	equ	178
   538  0000                     _P33	equ	179
   539  0000                     _P34	equ	180
   540  0000                     _P35	equ	181
   541  0000                     _P36	equ	182
   542  0000                     _P37	equ	183
   543  0000                     _PS	equ	188
   544  0000                     _PT0	equ	185
   545  0000                     _PT1	equ	187
   546  0000                     _PX0	equ	184
   547  0000                     _PX1	equ	186
   548  0000                     _RB8	equ	154
   549  0000                     _RD	equ	183
   550  0000                     _REN	equ	156
   551  0000                     _RI	equ	152
   552  0000                     _RS0	equ	211
   553  0000                     _RS1	equ	212
   554  0000                     _RXD	equ	176
   555  0000                     _SM0	equ	159
   556  0000                     _SM1	equ	158
   557  0000                     _SM2	equ	157
   558  0000                     _T0	equ	180
   559  0000                     _T1	equ	181
   560  0000                     _TB8	equ	155
   561  0000                     _TF0	equ	141
   562  0000                     _TF1	equ	143
   563  0000                     _TI	equ	153
   564  0000                     _TR0	equ	140
   565  0000                     _TR1	equ	142
   566  0000                     _TXD	equ	177
   567  0000                     _WR	equ	182
   568  0000                     _ACC	equ	224
   569  0000                     _B	equ	240
   570  0000                     _DPH	equ	131
   571  0000                     _DPL	equ	130
   572  0000                     _IE	equ	168
   573  0000                     _IP	equ	184
   574  0000                     _P0	equ	128
   575  0000                     _P1	equ	144
   576  0000                     _P2	equ	160
   577  0000                     _P3	equ	176
   578  0000                     _PCON	equ	135
   579  0000                     _PSW	equ	208
   580  0000                     _SBUF	equ	153
   581  0000                     _SCON	equ	152
   582  0000                     _SP	equ	129
   583  0000                     _TCON	equ	136
   584  0000                     _TH0	equ	140
   585  0000                     _TH1	equ	141
   586  0000                     _TL0	equ	138
   587  0000                     _TL1	equ	139
   588  0000                     _TMOD	equ	137
   589  0000                     _ACC_BITS	equ	224
   590  0000                     _B_BITS	equ	240
   591  0000                     _IE_BITS	equ	168
   592  0000                     _IP_BITS	equ	184
   593  0000                     _P0_BITS	equ	128
   594  0000                     _P1_BITS	equ	144
   595  0000                     _P2_BITS	equ	160
   596  0000                     _P3_BITS	equ	176
   597  0000                     _PCON_BITS	equ	135
   598  0000                     _PSW_BITS	equ	208
   599  0000                     _SCON_BITS	equ	152
   600  0000                     _TCON_BITS	equ	136
   601  0000                     _TMOD_BITS	equ	137


HI-TECH Software 8051 Macro Assembler V9.60                                Page 2
Symbol Table                                           Sun Mar 08 11:44:41 2026

       ?a_main 00020              _B 000F0              l2 00169  
            l3 00128              l4 00169              _P 000D0  
            l6 0013D              l7 00153              l9 00176  
      ?a_delay 00032             _B0 000F0             _B1 000F1  
           _B2 000F2             _B3 000F3             _B4 000F4  
           _B5 000F5             _B6 000F6             _A8 000A0  
           _B7 000F7             _A9 000A1             _F0 000D5  
           _AC 000D6             l10 00183             l11 001AD  
           l12 001A2             l13 0018E             l22 00244  
           l14 001AD             _EA 000AF             l23 00242  
           l15 001D5             l24 00216             l16 001C3  
           l25 00244             l17 001D5             l26 00242  
           l19 001CA             _P0 00080             _P1 00090  
           _P2 000A0             _P3 000B0             _IE 000A8  
           _T0 000B4             _T1 000B5             _ES 000AC  
           _CY 000D7             _IP 000B8             _RD 000B7  
           u10 00126             u11 00124             u20 0013B  
           _RI 00098             u21 00139             u30 00145  
           u40 00153             _TI 00099             u41 00151  
           u50 0015B             _PS 000BC             _OV 000D2  
           u60 00169             u61 00167             _SP 00081  
           u70 001A2             u80 001D5             u81 001D3  
           u90 0023F             u91 0023D             _WR 000B6  
 ?a_erase_word 00032       _lcd_data 00179         _B_BITS 000F0  
          F170 00100            F174 0010A            _A10 000A2  
          _A11 000A3            _A12 000A4            _A13 000A5  
          _A14 000A6            _A15 000A7            _AD0 00080  
          _AD1 00081            _AD2 00082            _AD3 00083  
          _AD4 00084            _AD5 00085            _AD6 00086  
          _AD7 00087            _ACC 000E0            _P00 00080  
          _P01 00081            _P10 00090            _P02 00082  
          _P11 00091            _P03 00083            _P20 000A0  
          _P12 00092            _P04 00084            _P21 000A1  
          _P13 00093            _P05 00085            _P30 000B0  
          _P22 000A2            _P14 00094            _P06 00086  
          _P31 000B1            _P23 000A3            _P15 00095  
          _P07 00087            _P32 000B2            _P24 000A4  
          _P16 00096            _P33 000B3            _P25 000A5  
          _P17 00097            _P34 000B4            _P26 000A6  
          _P35 000B5            _P27 000A7            _P36 000B6  
          _P37 000B7            _IE0 00089            _IE1 0008B  
          _ET0 000A9            _ET1 000AB            _EX0 000A8  
          _EX1 000AA            _DPH 00083            _DPL 00082  
          _IT0 00088            _IT1 0008A            _RB8 0009A  
          _TF0 0008D            _TB8 0009B            _TF1 0008F  
          _TH0 0008C            _TH1 0008D            _SM0 0009F  
          _SM1 0009E            _TL0 0008A            _SM2 0009D  
          _PT0 000B9            _TL1 0008B            _PT1 000BB  
          _RS0 000D3            _RS1 000D4            _REN 0009C  
          _PX0 000B8            _PX1 000BA            _TR0 0008C  
          _TR1 0008E            _RXD 000B0            _PSW 000D0  
          _TXD 000B1        _P0_BITS 00080        _P1_BITS 00090  
      _P2_BITS 000A0        _P3_BITS 000B0        _IE_BITS 000A8  
     _ACC_BITS 000E0      _lcd_print 00186        _IP_BITS 000B8  
         f1410 00113           f1411 0016A           f1420 0016E  
         f1412 00000           f1421 00177           f1430 0017B  
         f1422 00000           f1431 00184           f1440 00188  
         f1432 00000           f1441 001AE           f1450 001B2  
         f1442 00000           f1451 001D6           f1460 001DA  
         f1452 00000           f1461 00245           f1462 00000  
         _ACC0 000E0           _ACC1 000E1           _ACC2 000E2  
         _ACC3 000E3           _ACC4 000E4           _ACC5 000E5  
         _ACC6 000E6           _ACC7 000E7  stack_internal 00001  
         _INT0 000B2           _INT1 000B3           _PCON 00087  
         _SCON 00098           _SBUF 00099           _TCON 00088  
         _TMOD 00089           _main 001D8     _erase_word 001B0  
     _PSW_BITS 000D0        _lcd_cmd 0016C          _delay 00111  
      ldc_byte 00003          ldc_r5 0004F      _PCON_BITS 00087  
    _SCON_BITS 00098      _TCON_BITS 00088        str_copy 0008C  
    _TMOD_BITS 00089    ?a_lcd_print 00032  
