

HI-TECH Software 8051 Macro Assembler V9.60                                Page 1
                                                       Sat Apr 04 17:45:22 2026

     1                           	psect	idata,class=DATA,space=1,limit=080h
     2                           	psect	irdata,class=DATA,limit=080h
     3                           	global	_main
     4                           	signat	_main,88
     5                           	global	stack_internal
     6                           	psect	text,class=CODE
     7                           	psect	text
     8                           	file	"C:\Users\user\DOCUME~1\NATION~1\CIRCUI~2.
                                 0\MCUWOR~1\pr6\project1\main.c"
     9                           	line	3
    10  00003                     _main:
    11  00003  80 3F              	j	f1411
    12  00005                     f1410:
    13                           ;main.c: 3: void main() {
    14                           
    15                           ;	var   _i assigned to ?a_main+0
    16                           ;	var   _data_ptr assigned to ?a_main+1
    17                           ;main.c: 4: unsigned char i;
    18                           
    19                           ;main.c: 5: unsigned char *data_ptr = 0x40;
    20                           
    21                           	line	5
    22  00005  75 21  00          	mov	?a_main+1,#high(64)
    23  00008  75 22  40          	mov	?a_main+1+1,#low(64)
    24                           ;main.c: 8: PCON = 0x00;
    25                           
    26                           	line	8
    27  0000B  75 87 00           	mov	087h,#0
    28                           ;main.c: 9: SCON = 0x90;
    29                           
    30                           	line	9
    31  0000E  75 98 90           	mov	098h,#144
    32                           ;main.c: 12: for(i = 0; i < 15; i++) {
    33                           
    34                           	line	12
    35  00011  75 20  00          	mov	?a_main+0,#0
    36  00014  E5 20              	mov	a,?a_main+0
    37  00016  24 F1              	add	a,#-0Fh
    38  00018  50 02              	bnc	u11
    39  0001A  80 02              	jmp	u10
    40  0001C                     u11:
    41  0001C  80 02              	jmp	l3
    42  0001E                     u10:
    43  0001E  80 21              	jmp	l4
    44  00020                     l3:
    45                           ;main.c: 13: while(!RI);
    46                           
    47                           	line	13
    48  00020  80 00              	jmp	l6
    49  00022                     l7:
    50  00022                     l6:
    51  00022  30 98 02           	bnb	scon.0, u21
    52  00025  80 02              	jmp	u20
    53  00027                     u21:
    54  00027  80 F9              	jmp	l7
    55  00029                     u20:
    56  00029                     l8:
    57                           ;main.c: 14: RI = 0;
    58                           
    59                           	line	14
    60  00029  C2 98              	clr	scon.0
    61                           ;main.c: 15: data_ptr[i] = SBUF;
    62                           
    63                           	line	15
    64  0002B  A9 20              	mov	r1,?a_main+0
    65  0002D  78 00              	mov	r0,#0
    66  0002F  E9                 	mov	a,r1
    67  00030  25 22              	add	a,?a_main+1+1
    68  00032  F8                 	mov	r0,a
    69  00033  A6 99              	mov	@r0,099h
    70                           	line	12
    71  00035  05 20              	inc	?a_main+0
    72  00037  E5 20              	mov	a,?a_main+0
    73  00039  24 F1              	add	a,#-0Fh
    74  0003B  50 02              	bnc	u31
    75  0003D  80 02              	jmp	u30
    76  0003F                     u31:
    77  0003F  80 DF              	jmp	l3
    78  00041                     u30:
    79  00041                     l4:
    80                           ;main.c: 16: }
    81                           
    82                           ;main.c: 18: while(1);
    83                           
    84                           	line	18
    85  00041                     l10:
    86  00041                     l9:
    87  00041  80 FE              	jmp	l10
    88  00043                     l11:
    89                           ;main.c: 19: }
    90                           
    91                           	line	19
    92  00043                     l2:
    93  00043  22                 	ret
    94  00044                     f1411:
    95  00044  80 BF              	j	f1410
    96                           	FNSIZE	_main,3,0
    97                           	global	?a_main
    98  0000                     f1412	equ	0
    99  0000                     _A10	equ	162
   100  0000                     _A11	equ	163
   101  0000                     _A12	equ	164
   102  0000                     _A13	equ	165
   103  0000                     _A14	equ	166
   104  0000                     _A15	equ	167
   105  0000                     _A8	equ	160
   106  0000                     _A9	equ	161
   107  0000                     _AC	equ	214
   108  0000                     _ACC0	equ	224
   109  0000                     _ACC1	equ	225
   110  0000                     _ACC2	equ	226
   111  0000                     _ACC3	equ	227
   112  0000                     _ACC4	equ	228
   113  0000                     _ACC5	equ	229
   114  0000                     _ACC6	equ	230
   115  0000                     _ACC7	equ	231
   116  0000                     _AD0	equ	128
   117  0000                     _AD1	equ	129
   118  0000                     _AD2	equ	130
   119  0000                     _AD3	equ	131
   120  0000                     _AD4	equ	132
   121  0000                     _AD5	equ	133
   122  0000                     _AD6	equ	134
   123  0000                     _AD7	equ	135
   124  0000                     _B0	equ	240
   125  0000                     _B1	equ	241
   126  0000                     _B2	equ	242
   127  0000                     _B3	equ	243
   128  0000                     _B4	equ	244
   129  0000                     _B5	equ	245
   130  0000                     _B6	equ	246
   131  0000                     _B7	equ	247
   132  0000                     _CY	equ	215
   133  0000                     _EA	equ	175
   134  0000                     _ES	equ	172
   135  0000                     _ET0	equ	169
   136  0000                     _ET1	equ	171
   137  0000                     _EX0	equ	168
   138  0000                     _EX1	equ	170
   139  0000                     _F0	equ	213
   140  0000                     _IE0	equ	137
   141  0000                     _IE1	equ	139
   142  0000                     _INT0	equ	178
   143  0000                     _INT1	equ	179
   144  0000                     _IT0	equ	136
   145  0000                     _IT1	equ	138
   146  0000                     _OV	equ	210
   147  0000                     _P	equ	208
   148  0000                     _P00	equ	128
   149  0000                     _P01	equ	129
   150  0000                     _P02	equ	130
   151  0000                     _P03	equ	131
   152  0000                     _P04	equ	132
   153  0000                     _P05	equ	133
   154  0000                     _P06	equ	134
   155  0000                     _P07	equ	135
   156  0000                     _P10	equ	144
   157  0000                     _P11	equ	145
   158  0000                     _P12	equ	146
   159  0000                     _P13	equ	147
   160  0000                     _P14	equ	148
   161  0000                     _P15	equ	149
   162  0000                     _P16	equ	150
   163  0000                     _P17	equ	151
   164  0000                     _P20	equ	160
   165  0000                     _P21	equ	161
   166  0000                     _P22	equ	162
   167  0000                     _P23	equ	163
   168  0000                     _P24	equ	164
   169  0000                     _P25	equ	165
   170  0000                     _P26	equ	166
   171  0000                     _P27	equ	167
   172  0000                     _P30	equ	176
   173  0000                     _P31	equ	177
   174  0000                     _P32	equ	178
   175  0000                     _P33	equ	179
   176  0000                     _P34	equ	180
   177  0000                     _P35	equ	181
   178  0000                     _P36	equ	182
   179  0000                     _P37	equ	183
   180  0000                     _PS	equ	188
   181  0000                     _PT0	equ	185
   182  0000                     _PT1	equ	187
   183  0000                     _PX0	equ	184
   184  0000                     _PX1	equ	186
   185  0000                     _RB8	equ	154
   186  0000                     _RD	equ	183
   187  0000                     _REN	equ	156
   188  0000                     _RI	equ	152
   189  0000                     _RS0	equ	211
   190  0000                     _RS1	equ	212
   191  0000                     _RXD	equ	176
   192  0000                     _SM0	equ	159
   193  0000                     _SM1	equ	158
   194  0000                     _SM2	equ	157
   195  0000                     _T0	equ	180
   196  0000                     _T1	equ	181
   197  0000                     _TB8	equ	155
   198  0000                     _TF0	equ	141
   199  0000                     _TF1	equ	143
   200  0000                     _TI	equ	153
   201  0000                     _TR0	equ	140
   202  0000                     _TR1	equ	142
   203  0000                     _TXD	equ	177
   204  0000                     _WR	equ	182
   205  0000                     _ACC	equ	224
   206  0000                     _B	equ	240
   207  0000                     _DPH	equ	131
   208  0000                     _DPL	equ	130
   209  0000                     _IE	equ	168
   210  0000                     _IP	equ	184
   211  0000                     _P0	equ	128
   212  0000                     _P1	equ	144
   213  0000                     _P2	equ	160
   214  0000                     _P3	equ	176
   215  0000                     _PCON	equ	135
   216  0000                     _PSW	equ	208
   217  0000                     _SBUF	equ	153
   218  0000                     _SCON	equ	152
   219  0000                     _SP	equ	129
   220  0000                     _TCON	equ	136
   221  0000                     _TH0	equ	140
   222  0000                     _TH1	equ	141
   223  0000                     _TL0	equ	138
   224  0000                     _TL1	equ	139
   225  0000                     _TMOD	equ	137
   226  0000                     _ACC_BITS	equ	224
   227  0000                     _B_BITS	equ	240
   228  0000                     _IE_BITS	equ	168
   229  0000                     _IP_BITS	equ	184
   230  0000                     _P0_BITS	equ	128
   231  0000                     _P1_BITS	equ	144
   232  0000                     _P2_BITS	equ	160
   233  0000                     _P3_BITS	equ	176
   234  0000                     _PCON_BITS	equ	135
   235  0000                     _PSW_BITS	equ	208
   236  0000                     _SCON_BITS	equ	152
   237  0000                     _TCON_BITS	equ	136
   238  0000                     _TMOD_BITS	equ	137


HI-TECH Software 8051 Macro Assembler V9.60                                Page 2
Symbol Table                                           Sat Apr 04 17:45:22 2026

       ?a_main 00020              _B 000F0              l2 00043  
            l3 00020              l4 00041              _P 000D0  
            l6 00022              l7 00022              l8 00029  
            l9 00041             _B0 000F0             _B1 000F1  
           _B2 000F2             _B3 000F3             _B4 000F4  
           _B5 000F5             _B6 000F6             _A8 000A0  
           _B7 000F7             _A9 000A1             _F0 000D5  
           _AC 000D6             l10 00041             l11 00043  
           _EA 000AF             _P0 00080             _P1 00090  
           _P2 000A0             _P3 000B0             _IE 000A8  
           _T0 000B4             _T1 000B5             _ES 000AC  
           _CY 000D7             _IP 000B8             _RD 000B7  
           u10 0001E             u11 0001C             u20 00029  
           _RI 00098             u21 00027             u30 00041  
           u31 0003F             _TI 00099             _PS 000BC  
           _OV 000D2             _SP 00081             _WR 000B6  
       _B_BITS 000F0            _A10 000A2            _A11 000A3  
          _A12 000A4            _A13 000A5            _A14 000A6  
          _A15 000A7            _AD0 00080            _AD1 00081  
          _AD2 00082            _AD3 00083            _AD4 00084  
          _AD5 00085            _AD6 00086            _AD7 00087  
          _ACC 000E0            _P00 00080            _P01 00081  
          _P10 00090            _P02 00082            _P11 00091  
          _P03 00083            _P20 000A0            _P12 00092  
          _P04 00084            _P21 000A1            _P13 00093  
          _P05 00085            _P30 000B0            _P22 000A2  
          _P14 00094            _P06 00086            _P31 000B1  
          _P23 000A3            _P15 00095            _P07 00087  
          _P32 000B2            _P24 000A4            _P16 00096  
          _P33 000B3            _P25 000A5            _P17 00097  
          _P34 000B4            _P26 000A6            _P35 000B5  
          _P27 000A7            _P36 000B6            _P37 000B7  
          _IE0 00089            _IE1 0008B            _ET0 000A9  
          _ET1 000AB            _EX0 000A8            _EX1 000AA  
          _DPH 00083            _DPL 00082            _IT0 00088  
          _IT1 0008A            _RB8 0009A            _TF0 0008D  
          _TB8 0009B            _TF1 0008F            _TH0 0008C  
          _TH1 0008D            _SM0 0009F            _SM1 0009E  
          _TL0 0008A            _SM2 0009D            _PT0 000B9  
          _TL1 0008B            _PT1 000BB            _RS0 000D3  
          _RS1 000D4            _REN 0009C            _PX0 000B8  
          _PX1 000BA            _TR0 0008C            _TR1 0008E  
          _RXD 000B0            _PSW 000D0            _TXD 000B1  
      _P0_BITS 00080        _P1_BITS 00090        _P2_BITS 000A0  
      _P3_BITS 000B0        _IE_BITS 000A8       _ACC_BITS 000E0  
      _IP_BITS 000B8           f1410 00005           f1411 00044  
         f1412 00000           _ACC0 000E0           _ACC1 000E1  
         _ACC2 000E2           _ACC3 000E3           _ACC4 000E4  
         _ACC5 000E5           _ACC6 000E6           _ACC7 000E7  
stack_internal 00001           _INT0 000B2           _INT1 000B3  
         _PCON 00087           _SCON 00098           _SBUF 00099  
         _TCON 00088           _TMOD 00089           _main 00003  
     _PSW_BITS 000D0      _PCON_BITS 00087      _SCON_BITS 00098  
    _TCON_BITS 00088      _TMOD_BITS 00089  
